<?xml version="1.0" encoding="UTF-8"?>
<!-- Generated by org.testng.reporters.JUnitReportReporter -->
<testsuite skipped="0" hostname="DESKTOP-C8H77MF" name="okta.GetClientAndID" tests="1" failures="0" timestamp="2020-07-11T21:20:10 IST" time="2.336" errors="0">
  <testcase name="getOKtaClientID" time="2.336" classname="okta.GetClientAndID"/>
  <system-out/>
</testsuite> <!-- okta.GetClientAndID -->
