<?xml version="1.0" encoding="UTF-8"?>
<!-- Generated by org.testng.reporters.JUnitReportReporter -->
<testsuite skipped="0" hostname="DESKTOP-C8H77MF" name="basics.BasicRestAssureJsontoXML" tests="1" failures="0" timestamp="2020-06-13T11:24:01 IST" time="4.141" errors="0">
  <testcase name="changeRequest" time="4.141" classname="basics.BasicRestAssureJsontoXML"/>
  <system-out/>
</testsuite> <!-- basics.BasicRestAssureJsontoXML -->
