<?xml version="1.0" encoding="UTF-8"?>
<!-- Generated by org.testng.reporters.JUnitReportReporter -->
<testsuite skipped="0" hostname="DESKTOP-C8H77MF" name="otherfeaturesinrestAssure.SessionIdUsingGetRequest" tests="1" failures="0" timestamp="2020-07-23T23:32:44 IST" time="6.002" errors="0">
  <testcase name="changeRequest" time="6.002" classname="otherfeaturesinrestAssure.SessionIdUsingGetRequest"/>
  <system-out/>
</testsuite> <!-- otherfeaturesinrestAssure.SessionIdUsingGetRequest -->
