<?xml version="1.0" encoding="UTF-8"?>
<!-- Generated by org.testng.reporters.JUnitReportReporter -->
<testsuite skipped="0" hostname="DESKTOP-C8H77MF" name="post.PostChangeRequestRestAssureJsonwithFile" tests="2" failures="0" timestamp="2020-06-13T12:40:09 IST" time="7.272" errors="0">
  <testcase name="postChangeRequest" time="3.104" classname="post.PostChangeRequestRestAssureJsonwithFile"/>
  <system-out/>
  <testcase name="postChangeRequest" time="4.168" classname="post.PostChangeRequestRestAssureJsonwithFile"/>
  <system-out/>
</testsuite> <!-- post.PostChangeRequestRestAssureJsonwithFile -->
