<?xml version="1.0" encoding="UTF-8"?>
<!-- Generated by org.testng.reporters.JUnitReportReporter -->
<testsuite skipped="0" hostname="DESKTOP-C8H77MF" name="deleteandpatch.UpdateUsingRestAssure" tests="1" failures="0" timestamp="2020-06-13T13:29:41 IST" time="4.238" errors="0">
  <testcase name="changeRequest" time="4.238" classname="deleteandpatch.UpdateUsingRestAssure"/>
  <system-out/>
</testsuite> <!-- deleteandpatch.UpdateUsingRestAssure -->
