<?xml version="1.0" encoding="UTF-8"?>
<!-- Generated by org.testng.reporters.JUnitReportReporter -->
<testsuite skipped="0" hostname="DESKTOP-C8H77MF" name="chaining.PostChangeRequestRestAssure" tests="1" failures="0" timestamp="2020-06-14T11:06:40 IST" time="4.930" errors="0">
  <testcase name="postChangeRequest" time="4.930" classname="chaining.PostChangeRequestRestAssure"/>
  <system-out/>
</testsuite> <!-- chaining.PostChangeRequestRestAssure -->
