<?xml version="1.0" encoding="UTF-8"?>
<!-- Generated by org.testng.reporters.JUnitReportReporter -->
<testsuite skipped="1" hostname="DESKTOP-C8H77MF" name="chaining.DeleteUsingRestAssure" tests="1" failures="0" timestamp="2020-06-21T23:04:40 IST" time="0.000" errors="0">
  <testcase name="changeRequest" time="0.000" classname="chaining.DeleteUsingRestAssure">
    <skipped/>
  </testcase> <!-- changeRequest -->
  <system-out/>
</testsuite> <!-- chaining.DeleteUsingRestAssure -->
