<?xml version="1.0" encoding="UTF-8"?>
<!-- Generated by org.testng.reporters.JUnitReportReporter -->
<testsuite skipped="0" hostname="DESKTOP-C8H77MF" name="get.GetChangeRequestRestAssure" tests="1" failures="0" timestamp="2020-07-23T23:10:40 IST" time="4.339" errors="0">
  <testcase name="changeRequest" time="4.339" classname="get.GetChangeRequestRestAssure"/>
  <system-out/>
</testsuite> <!-- get.GetChangeRequestRestAssure -->
