<?xml version="1.0" encoding="UTF-8"?>
<!-- Generated by org.testng.reporters.JUnitReportReporter -->
<testsuite skipped="0" hostname="DESKTOP-C8H77MF" name="basics.BasicRestAssure" tests="1" failures="0" timestamp="2020-06-13T10:50:51 IST" time="4.020" errors="0">
  <testcase name="changeRequest" time="4.020" classname="basics.BasicRestAssure"/>
  <system-out/>
</testsuite> <!-- basics.BasicRestAssure -->
