<?xml version="1.0" encoding="UTF-8"?>
<!-- Generated by org.testng.reporters.JUnitReportReporter -->
<testsuite skipped="0" hostname="DESKTOP-C8H77MF" name="runner.Run" tests="1" failures="0" timestamp="2020-06-14T13:19:06 IST" time="5.376" errors="0">
  <testcase name="runScenario" time="5.376" classname="runner.Run"/>
  <system-out/>
</testsuite> <!-- runner.Run -->
