<?xml version="1.0" encoding="UTF-8"?>
<!-- Generated by org.testng.reporters.JUnitReportReporter -->
<testsuite skipped="0" hostname="DESKTOP-C8H77MF" name="post.PostChangeRequestRestAssure" tests="1" failures="0" timestamp="2020-06-13T12:22:30 IST" time="5.690" errors="0">
  <testcase name="postChangeRequest" time="5.690" classname="post.PostChangeRequestRestAssure"/>
  <system-out/>
</testsuite> <!-- post.PostChangeRequestRestAssure -->
