<?xml version="1.0" encoding="UTF-8"?>
<!-- Generated by org.testng.reporters.JUnitReportReporter -->
<testsuite skipped="0" hostname="DESKTOP-C8H77MF" name="jiraassment.GetIssueInJira" tests="1" failures="0" timestamp="2020-06-13T21:32:42 IST" time="2.356" errors="0">
  <testcase name="getAllIssue" time="2.356" classname="jiraassment.GetIssueInJira"/>
  <system-out/>
</testsuite> <!-- jiraassment.GetIssueInJira -->
