<?xml version="1.0" encoding="UTF-8"?>
<!-- Generated by org.testng.reporters.JUnitReportReporter -->
<testsuite skipped="0" hostname="DESKTOP-C8H77MF" name="okta.CreateClient" tests="1" failures="0" timestamp="2020-07-11T21:19:28 IST" time="3.785" errors="0">
  <testcase name="createOKtaclient" time="3.785" classname="okta.CreateClient"/>
  <system-out/>
</testsuite> <!-- okta.CreateClient -->
